<?xml version="1.0" encoding="utf-8"?><testsuites name="pytest tests"><testsuite name="pytest" errors="0" failures="0" skipped="0" tests="23" time="2.867" timestamp="2026-06-22T13:16:59.049446+00:00" hostname="agent-env-c1e92c42-89d6-41a4-bfab-5d1a4d8f3282"><testcase classname="backend.tests.test_grosvenor_api.TestUnits" name="test_list_returns_43" time="0.164" /><testcase classname="backend.tests.test_grosvenor_api.TestUnits" name="test_filter_by_building" time="0.114" /><testcase classname="backend.tests.test_grosvenor_api.TestUnits" name="test_filter_by_status_available" time="0.056" /><testcase classname="backend.tests.test_grosvenor_api.TestUnits" name="test_filter_by_price_range" time="0.057" /><testcase classname="backend.tests.test_grosvenor_api.TestUnits" name="test_sort_price_asc" time="0.053" /><testcase classname="backend.tests.test_grosvenor_api.TestUnits" name="test_sort_price_desc" time="0.059" /><testcase classname="backend.tests.test_grosvenor_api.TestUnits" name="test_sort_surface_desc" time="0.052" /><testcase classname="backend.tests.test_grosvenor_api.TestUnits" name="test_get_by_slug_a101" time="0.052" /><testcase classname="backend.tests.test_grosvenor_api.TestUnits" name="test_get_unknown_slug_404" time="0.053" /><testcase classname="backend.tests.test_grosvenor_api.TestLeads" name="test_create_general_contact_lead" time="0.057" /><testcase classname="backend.tests.test_grosvenor_api.TestLeads" name="test_create_lead_missing_name_email_422" time="0.049" /><testcase classname="backend.tests.test_grosvenor_api.TestLeads" name="test_track_whatsapp_anonymous_click" time="0.052" /><testcase classname="backend.tests.test_grosvenor_api.TestDownloads" name="test_list_downloads" time="0.050" /><testcase classname="backend.tests.test_grosvenor_api.TestDownloads" name="test_pricelist_open" time="0.101" /><testcase classname="backend.tests.test_grosvenor_api.TestDownloads" name="test_brochure_gated_without_lead_422" time="0.102" /><testcase classname="backend.tests.test_grosvenor_api.TestDownloads" name="test_brochure_gated_with_lead_succeeds" time="0.105" /><testcase classname="backend.tests.test_grosvenor_api.TestAuth" name="test_login_invalid_password" time="0.273" /><testcase classname="backend.tests.test_grosvenor_api.TestAuth" name="test_me_with_token" time="0.372" /><testcase classname="backend.tests.test_grosvenor_api.TestAuth" name="test_admin_requires_auth" time="0.099" /><testcase classname="backend.tests.test_grosvenor_api.TestAdmin" name="test_stats" time="0.103" /><testcase classname="backend.tests.test_grosvenor_api.TestAdmin" name="test_admin_list_units_leads_downloads" time="0.210" /><testcase classname="backend.tests.test_grosvenor_api.TestAdmin" name="test_unit_crud_lifecycle" time="0.356" /><testcase classname="backend.tests.test_grosvenor_api.TestAdmin" name="test_lead_status_update" time="0.199" /></testsuite></testsuites>